      Date & Time,  Trans,  Elap Time,  Data Trans,  Resp Time,  Trans Rate,  Throughput,  Concurrent,    OKAY,   Failed
**** 1,20S,2 ****
2018-11-22 12:04:49,    600,      19.95,          62,       0.01,       30.08,        3.11,        0.30,     600,       0
**** 10,20S,2 ****
2018-11-22 12:05:31,   2449,      19.83,         253,       0.06,      123.50,       12.76,        6.88,    2449,       0
**** 20,20S,2 ****
2018-11-22 12:06:13,   2378,      19.71,         247,       0.13,      120.65,       12.53,       16.28,    2378,       0
**** 30,20S,2 ****
2018-11-22 12:06:55,   1705,      19.59,         178,       0.21,       87.03,        9.09,       18.20,    1705,       1
**** 40,20S,2 ****
2018-11-22 12:07:37,   2238,      19.48,         232,       0.23,      114.89,       11.91,       26.26,    2238,       0
**** 50,20S,2 ****
2018-11-22 12:08:19,   2289,      19.36,         237,       0.13,      118.23,       12.24,       15.25,    2289,       0
**** 100,20S,2 ****
2018-11-22 12:09:01,   1519,      19.24,         159,       0.20,       78.95,        8.26,       15.73,    1519,       1
**** 150,20S,2 ****
2018-11-22 12:09:43,   1492,      19.12,         154,       0.21,       78.03,        8.05,       16.72,    1492,       1
**** 200,20S,2 ****
2018-11-22 12:10:25,   1999,      19.00,         207,       0.16,      105.21,       10.89,       16.79,    1999,       0
**** 250,20S,2 ****
2018-11-22 12:11:08,   1716,      19.88,         179,       0.29,       86.32,        9.00,       25.08,    1716,       1
